<?xml version="1.0" encoding="UTF-8"?>
<!-- Generated by org.testng.reporters.JUnitReportReporter -->
<testsuite skipped="0" hostname="DESKTOP-7367SQR" name="com.hybridfw.actitime.testscript.LginLogout" tests="1" failures="0" timestamp="09 Apr 2018 23:39:36 GMT" time="38.183" errors="0">
  <testcase name="executeTestScenarios" time="38.183" classname="com.hybridfw.actitime.testscript.LginLogout"/>
</testsuite> <!-- com.hybridfw.actitime.testscript.LginLogout -->
