<?xml version="1.0" encoding="UTF-8"?>
<!-- Generated by org.testng.reporters.JUnitReportReporter -->
<testsuite skipped="0" hostname="DESKTOP-7367SQR" name="com.hybridfw.actitime.driverscript.DriverScript" tests="1" failures="0" timestamp="05 Nov 2018 23:08:21 GMT" time="387.875" errors="0">
  <testcase name="executeTestScenarios" time="387.875" classname="com.hybridfw.actitime.driverscript.DriverScript"/>
</testsuite> <!-- com.hybridfw.actitime.driverscript.DriverScript -->
